<?xml version="1.0" encoding="UTF-8"?>
<testsuites>
  <testsuite name="" tests="5" assertions="39" errors="0" warnings="0" failures="0" skipped="0" time="0.065448">
    <testsuite name="Application Test Suite" tests="5" assertions="39" errors="0" warnings="0" failures="0" skipped="0" time="0.065448">
      <testsuite name="Hoyvoy\Tests\Integration\DatabaseEloquentSubqueriesCrossDatabaseTest" file="/Users/gerard/Code/laravel-cross-database-subqueries/tests/Integration/DatabaseEloquentSubqueriesCrossDatabaseTest.php" tests="5" assertions="39" errors="0" warnings="0" failures="0" skipped="0" time="0.065448">
        <testcase name="testWhereHasAcrossDatabaseConnection" class="Hoyvoy\Tests\Integration\DatabaseEloquentSubqueriesCrossDatabaseTest" classname="Hoyvoy.Tests.Integration.DatabaseEloquentSubqueriesCrossDatabaseTest" file="/Users/gerard/Code/laravel-cross-database-subqueries/tests/Integration/DatabaseEloquentSubqueriesCrossDatabaseTest.php" line="10" assertions="8" time="0.057356"/>
        <testcase name="testHasAcrossDatabaseConnection" class="Hoyvoy\Tests\Integration\DatabaseEloquentSubqueriesCrossDatabaseTest" classname="Hoyvoy.Tests.Integration.DatabaseEloquentSubqueriesCrossDatabaseTest" file="/Users/gerard/Code/laravel-cross-database-subqueries/tests/Integration/DatabaseEloquentSubqueriesCrossDatabaseTest.php" line="61" assertions="8" time="0.002185"/>
        <testcase name="testDoesntHasAcrossDatabaseConnection" class="Hoyvoy\Tests\Integration\DatabaseEloquentSubqueriesCrossDatabaseTest" classname="Hoyvoy.Tests.Integration.DatabaseEloquentSubqueriesCrossDatabaseTest" file="/Users/gerard/Code/laravel-cross-database-subqueries/tests/Integration/DatabaseEloquentSubqueriesCrossDatabaseTest.php" line="96" assertions="8" time="0.001871"/>
        <testcase name="testWhereDoesntHaveAcrossDatabaseConnection" class="Hoyvoy\Tests\Integration\DatabaseEloquentSubqueriesCrossDatabaseTest" classname="Hoyvoy.Tests.Integration.DatabaseEloquentSubqueriesCrossDatabaseTest" file="/Users/gerard/Code/laravel-cross-database-subqueries/tests/Integration/DatabaseEloquentSubqueriesCrossDatabaseTest.php" line="131" assertions="8" time="0.001918"/>
        <testcase name="testWithCountAcrossDatabaseConnection" class="Hoyvoy\Tests\Integration\DatabaseEloquentSubqueriesCrossDatabaseTest" classname="Hoyvoy.Tests.Integration.DatabaseEloquentSubqueriesCrossDatabaseTest" file="/Users/gerard/Code/laravel-cross-database-subqueries/tests/Integration/DatabaseEloquentSubqueriesCrossDatabaseTest.php" line="185" assertions="7" time="0.002118"/>
      </testsuite>
    </testsuite>
  </testsuite>
</testsuites>
